<?xml version="1.0" encoding="UTF-8"?>
<testng-results skipped="0" failed="0" ignored="0" total="2" passed="2">
  <reporter-output>
  </reporter-output>
  <suite name="Default suite" duration-ms="36387" started-at="2018-12-29T15:37:35Z" finished-at="2018-12-29T15:38:11Z">
    <groups>
    </groups>
    <test name="Default test" duration-ms="36387" started-at="2018-12-29T15:37:35Z" finished-at="2018-12-29T15:38:11Z">
      <class name="testcases.Createlead">
        <test-method status="PASS" signature="beforeSuite()[pri:0, instance:testcases.Createlead@127982]" name="beforeSuite" is-config="true" duration-ms="555" started-at="2018-12-29T21:07:34Z" finished-at="2018-12-29T21:07:35Z">
          <reporter-output>
          </reporter-output>
        </test-method> <!-- beforeSuite -->
        <test-method status="PASS" signature="setData()[pri:0, instance:testcases.Createlead@127982]" name="setData" is-config="true" duration-ms="1" started-at="2018-12-29T21:07:35Z" finished-at="2018-12-29T21:07:35Z">
          <reporter-output>
          </reporter-output>
        </test-method> <!-- setData -->
        <test-method status="PASS" signature="beforeClass()[pri:0, instance:testcases.Createlead@127982]" name="beforeClass" is-config="true" duration-ms="1" started-at="2018-12-29T21:07:35Z" finished-at="2018-12-29T21:07:35Z">
          <reporter-output>
          </reporter-output>
        </test-method> <!-- beforeClass -->
        <test-method status="PASS" signature="beforeMethod()[pri:0, instance:testcases.Createlead@127982]" name="beforeMethod" is-config="true" duration-ms="5399" started-at="2018-12-29T21:07:35Z" finished-at="2018-12-29T21:07:41Z">
          <reporter-output>
          </reporter-output>
        </test-method> <!-- beforeMethod -->
        <test-method status="PASS" signature="login(java.lang.String, java.lang.String, java.lang.String, java.lang.String, java.lang.String)[pri:0, instance:testcases.Createlead@127982]" name="login" duration-ms="12040" started-at="2018-12-29T21:07:41Z" data-provider="fetchData" finished-at="2018-12-29T21:07:53Z">
          <params>
            <param index="0">
              <value>
                <![CDATA[demosalesmanager]]>
              </value>
            </param>
            <param index="1">
              <value>
                <![CDATA[crmsfa]]>
              </value>
            </param>
            <param index="2">
              <value>
                <![CDATA[abc]]>
              </value>
            </param>
            <param index="3">
              <value>
                <![CDATA[nandhu]]>
              </value>
            </param>
            <param index="4">
              <value>
                <![CDATA[k]]>
              </value>
            </param>
          </params>
          <reporter-output>
          </reporter-output>
        </test-method> <!-- login -->
        <test-method status="PASS" signature="afterMethod()[pri:0, instance:testcases.Createlead@127982]" name="afterMethod" is-config="true" duration-ms="621" started-at="2018-12-29T21:07:53Z" finished-at="2018-12-29T21:07:53Z">
          <reporter-output>
          </reporter-output>
        </test-method> <!-- afterMethod -->
        <test-method status="PASS" signature="beforeMethod()[pri:0, instance:testcases.Createlead@127982]" name="beforeMethod" is-config="true" duration-ms="5254" started-at="2018-12-29T21:07:53Z" finished-at="2018-12-29T21:07:59Z">
          <reporter-output>
          </reporter-output>
        </test-method> <!-- beforeMethod -->
        <test-method status="PASS" signature="login(java.lang.String, java.lang.String, java.lang.String, java.lang.String, java.lang.String)[pri:0, instance:testcases.Createlead@127982]" name="login" duration-ms="11898" started-at="2018-12-29T21:07:59Z" data-provider="fetchData" finished-at="2018-12-29T21:08:11Z">
          <params>
            <param index="0">
              <value>
                <![CDATA[demosalesmanager]]>
              </value>
            </param>
            <param index="1">
              <value>
                <![CDATA[crmsfa]]>
              </value>
            </param>
            <param index="2">
              <value>
                <![CDATA[xyz]]>
              </value>
            </param>
            <param index="3">
              <value>
                <![CDATA[mathu]]>
              </value>
            </param>
            <param index="4">
              <value>
                <![CDATA[m]]>
              </value>
            </param>
          </params>
          <reporter-output>
          </reporter-output>
        </test-method> <!-- login -->
        <test-method status="PASS" signature="afterMethod()[pri:0, instance:testcases.Createlead@127982]" name="afterMethod" is-config="true" duration-ms="613" started-at="2018-12-29T21:08:11Z" finished-at="2018-12-29T21:08:11Z">
          <reporter-output>
          </reporter-output>
        </test-method> <!-- afterMethod -->
        <test-method status="PASS" signature="afterTest()[pri:0, instance:testcases.Createlead@127982]" name="afterTest" is-config="true" duration-ms="0" started-at="2018-12-29T21:08:11Z" finished-at="2018-12-29T21:08:11Z">
          <reporter-output>
          </reporter-output>
        </test-method> <!-- afterTest -->
        <test-method status="PASS" signature="afterSuite()[pri:0, instance:testcases.Createlead@127982]" name="afterSuite" is-config="true" duration-ms="327" started-at="2018-12-29T21:08:11Z" finished-at="2018-12-29T21:08:12Z">
          <reporter-output>
          </reporter-output>
        </test-method> <!-- afterSuite -->
      </class> <!-- testcases.Createlead -->
    </test> <!-- Default test -->
  </suite> <!-- Default suite -->
</testng-results>
